1,81.00756150939955,{Reading Instances[DISTANCE:EUCLIDEAN],DistanceInformation[DISTANCE:MANHATTAN,DISTANCE_INFO - 1.2222222,DPCI_DC_PERCENT - 66.333336],ClusterByDensityPeak[DISTANCE:EUCLIDEAN,DISTANCE_INFO - 1.2222222,DPCI_DC_PERCENT - 66.333336],}
2,83.52686238877799,{Reading Instances[DISTANCE:EUCLIDEAN],DistanceInformation[DISTANCE:EUCLIDEAN,DISTANCE_INFO - 1.8888888,DPCI_DC_PERCENT - 77.22223],ClusterByDensityPeak[DISTANCE:BRAYCURTIS,DISTANCE_INFO - 1.8888888,DPCI_DC_PERCENT - 77.22223],}
3,88.32663628155154,{Reading Instances[DISTANCE:EUCLIDEAN],DistanceInformation[DISTANCE:BRAYCURTIS,DISTANCE_INFO - 1.4444444,DPCI_DC_PERCENT - 55.444447],ClusterByDensityPeak[DISTANCE:EUCLIDEAN,DISTANCE_INFO - 1.4444444,DPCI_DC_PERCENT - 55.444447],}
4,88.32663628155154,{Reading Instances[DISTANCE:EUCLIDEAN],DistanceInformation[DISTANCE:BRAYCURTIS,DISTANCE_INFO - 1.6666667,DPCI_DC_PERCENT - 55.444447],ClusterByDensityPeak[DISTANCE:CHEBYCHEV,DISTANCE_INFO - 1.6666667,DPCI_DC_PERCENT - 55.444447],}
5,88.32663628155154,{Reading Instances[DISTANCE:EUCLIDEAN],DistanceInformation[DISTANCE:EUCLIDEAN,DISTANCE_INFO - 1.8888888,DPCI_DC_PERCENT - 55.444447],ClusterByDensityPeak[DISTANCE:BRAYCURTIS,DISTANCE_INFO - 1.8888888,DPCI_DC_PERCENT - 55.444447],}
6,88.32663628155154,{Reading Instances[DISTANCE:EUCLIDEAN],DistanceInformation[DISTANCE:CHEBYCHEV,DISTANCE_INFO - 1.6666667,DPCI_DC_PERCENT - 55.444447],ClusterByDensityPeak[DISTANCE:MANHATTAN,DISTANCE_INFO - 1.6666667,DPCI_DC_PERCENT - 55.444447],}
7,88.32663628155154,{Reading Instances[DISTANCE:EUCLIDEAN],DistanceInformation[DISTANCE:CHEBYCHEV,DISTANCE_INFO - 1.2222222,DPCI_DC_PERCENT - 55.444447],ClusterByDensityPeak[DISTANCE:BRAYCURTIS,DISTANCE_INFO - 1.2222222,DPCI_DC_PERCENT - 55.444447],}
8,88.32663628155154,{Reading Instances[DISTANCE:EUCLIDEAN],DistanceInformation[DISTANCE:BRAYCURTIS,DISTANCE_INFO - 1.2222222,DPCI_DC_PERCENT - 55.444447],ClusterByDensityPeak[DISTANCE:CHEBYCHEV,DISTANCE_INFO - 1.2222222,DPCI_DC_PERCENT - 55.444447],}
9,88.32663628155154,{Reading Instances[DISTANCE:EUCLIDEAN],DistanceInformation[DISTANCE:BRAYCURTIS,DISTANCE_INFO - 1.4444444,DPCI_DC_PERCENT - 55.444447],ClusterByDensityPeak[DISTANCE:MANHATTAN,DISTANCE_INFO - 1.4444444,DPCI_DC_PERCENT - 55.444447],}
10,88.32663628155154,{Reading Instances[DISTANCE:EUCLIDEAN],DistanceInformation[DISTANCE:MANHATTAN,DISTANCE_INFO - 1.2222222,DPCI_DC_PERCENT - 55.444447],ClusterByDensityPeak[DISTANCE:BRAYCURTIS,DISTANCE_INFO - 1.2222222,DPCI_DC_PERCENT - 55.444447],}
11,88.32663628155154,{Reading Instances[DISTANCE:EUCLIDEAN],DistanceInformation[DISTANCE:BRAYCURTIS,DISTANCE_INFO - 1.4444444,DPCI_DC_PERCENT - 55.444447],ClusterByDensityPeak[DISTANCE:EUCLIDEAN,DISTANCE_INFO - 1.4444444,DPCI_DC_PERCENT - 55.444447],}
12,88.32663628155154,{Reading Instances[DISTANCE:EUCLIDEAN],DistanceInformation[DISTANCE:BRAYCURTIS,DISTANCE_INFO - 1.2222222,DPCI_DC_PERCENT - 55.444447],ClusterByDensityPeak[DISTANCE:MANHATTAN,DISTANCE_INFO - 1.2222222,DPCI_DC_PERCENT - 55.444447],}
13,88.32663628155154,{Reading Instances[DISTANCE:EUCLIDEAN],DistanceInformation[DISTANCE:BRAYCURTIS,DISTANCE_INFO - 1.2222222,DPCI_DC_PERCENT - 55.444447],ClusterByDensityPeak[DISTANCE:EUCLIDEAN,DISTANCE_INFO - 1.2222222,DPCI_DC_PERCENT - 55.444447],}
14,88.32663628155154,{Reading Instances[DISTANCE:EUCLIDEAN],DistanceInformation[DISTANCE:BRAYCURTIS,DISTANCE_INFO - 1.2222222,DPCI_DC_PERCENT - 55.444447],ClusterByDensityPeak[DISTANCE:EUCLIDEAN,DISTANCE_INFO - 1.2222222,DPCI_DC_PERCENT - 55.444447],}
15,88.32663628155154,{Reading Instances[DISTANCE:EUCLIDEAN],DistanceInformation[DISTANCE:BRAYCURTIS,DISTANCE_INFO - 1.2222222,DPCI_DC_PERCENT - 55.444447],ClusterByDensityPeak[DISTANCE:EUCLIDEAN,DISTANCE_INFO - 1.2222222,DPCI_DC_PERCENT - 55.444447],}
16,88.32663628155154,{Reading Instances[DISTANCE:EUCLIDEAN],DistanceInformation[DISTANCE:MANHATTAN,DISTANCE_INFO - 1.6666667,DPCI_DC_PERCENT - 55.444447],ClusterByDensityPeak[DISTANCE:MANHATTAN,DISTANCE_INFO - 1.6666667,DPCI_DC_PERCENT - 55.444447],}
17,88.32663628155154,{Reading Instances[DISTANCE:EUCLIDEAN],DistanceInformation[DISTANCE:MANHATTAN,DISTANCE_INFO - 1.8888888,DPCI_DC_PERCENT - 55.444447],ClusterByDensityPeak[DISTANCE:CHEBYCHEV,DISTANCE_INFO - 1.8888888,DPCI_DC_PERCENT - 55.444447],}
18,88.32663628155154,{Reading Instances[DISTANCE:EUCLIDEAN],DistanceInformation[DISTANCE:CHEBYCHEV,DISTANCE_INFO - 1.4444444,DPCI_DC_PERCENT - 55.444447],ClusterByDensityPeak[DISTANCE:EUCLIDEAN,DISTANCE_INFO - 1.4444444,DPCI_DC_PERCENT - 55.444447],}
19,88.32663628155154,{Reading Instances[DISTANCE:EUCLIDEAN],DistanceInformation[DISTANCE:CHEBYCHEV,DISTANCE_INFO - 1.8888888,DPCI_DC_PERCENT - 55.444447],ClusterByDensityPeak[DISTANCE:MANHATTAN,DISTANCE_INFO - 1.8888888,DPCI_DC_PERCENT - 55.444447],}
20,88.32663628155154,{Reading Instances[DISTANCE:EUCLIDEAN],DistanceInformation[DISTANCE:CHEBYCHEV,DISTANCE_INFO - 1.8888888,DPCI_DC_PERCENT - 55.444447],ClusterByDensityPeak[DISTANCE:EUCLIDEAN,DISTANCE_INFO - 1.8888888,DPCI_DC_PERCENT - 55.444447],}
21,88.32663628155154,{Reading Instances[DISTANCE:EUCLIDEAN],DistanceInformation[DISTANCE:EUCLIDEAN,DISTANCE_INFO - 1.8888888,DPCI_DC_PERCENT - 55.444447],ClusterByDensityPeak[DISTANCE:EUCLIDEAN,DISTANCE_INFO - 1.8888888,DPCI_DC_PERCENT - 55.444447],}
22,88.32663628155154,{Reading Instances[DISTANCE:EUCLIDEAN],DistanceInformation[DISTANCE:EUCLIDEAN,DISTANCE_INFO - 1.2222222,DPCI_DC_PERCENT - 55.444447],ClusterByDensityPeak[DISTANCE:BRAYCURTIS,DISTANCE_INFO - 1.2222222,DPCI_DC_PERCENT - 55.444447],}
23,88.32663628155154,{Reading Instances[DISTANCE:EUCLIDEAN],DistanceInformation[DISTANCE:BRAYCURTIS,DISTANCE_INFO - 1.2222222,DPCI_DC_PERCENT - 55.444447],ClusterByDensityPeak[DISTANCE:MANHATTAN,DISTANCE_INFO - 1.2222222,DPCI_DC_PERCENT - 55.444447],}
24,88.32663628155154,{Reading Instances[DISTANCE:EUCLIDEAN],DistanceInformation[DISTANCE:MANHATTAN,DISTANCE_INFO - 1.6666667,DPCI_DC_PERCENT - 55.444447],ClusterByDensityPeak[DISTANCE:EUCLIDEAN,DISTANCE_INFO - 1.6666667,DPCI_DC_PERCENT - 55.444447],}
25,88.32663628155154,{Reading Instances[DISTANCE:EUCLIDEAN],DistanceInformation[DISTANCE:BRAYCURTIS,DISTANCE_INFO - 1.2222222,DPCI_DC_PERCENT - 55.444447],ClusterByDensityPeak[DISTANCE:CHEBYCHEV,DISTANCE_INFO - 1.2222222,DPCI_DC_PERCENT - 55.444447],}
26,88.32663628155154,{Reading Instances[DISTANCE:EUCLIDEAN],DistanceInformation[DISTANCE:CHEBYCHEV,DISTANCE_INFO - 1.4444444,DPCI_DC_PERCENT - 55.444447],ClusterByDensityPeak[DISTANCE:EUCLIDEAN,DISTANCE_INFO - 1.4444444,DPCI_DC_PERCENT - 55.444447],}
27,88.32663628155154,{Reading Instances[DISTANCE:EUCLIDEAN],DistanceInformation[DISTANCE:BRAYCURTIS,DISTANCE_INFO - 1.2222222,DPCI_DC_PERCENT - 55.444447],ClusterByDensityPeak[DISTANCE:BRAYCURTIS,DISTANCE_INFO - 1.2222222,DPCI_DC_PERCENT - 55.444447],}
28,88.32663628155154,{Reading Instances[DISTANCE:EUCLIDEAN],DistanceInformation[DISTANCE:CHEBYCHEV,DISTANCE_INFO - 1.8888888,DPCI_DC_PERCENT - 55.444447],ClusterByDensityPeak[DISTANCE:BRAYCURTIS,DISTANCE_INFO - 1.8888888,DPCI_DC_PERCENT - 55.444447],}
29,88.32663628155154,{Reading Instances[DISTANCE:EUCLIDEAN],DistanceInformation[DISTANCE:MANHATTAN,DISTANCE_INFO - 1.6666667,DPCI_DC_PERCENT - 55.444447],ClusterByDensityPeak[DISTANCE:EUCLIDEAN,DISTANCE_INFO - 1.6666667,DPCI_DC_PERCENT - 55.444447],}
30,88.32663628155154,{Reading Instances[DISTANCE:EUCLIDEAN],DistanceInformation[DISTANCE:EUCLIDEAN,DISTANCE_INFO - 1.2222222,DPCI_DC_PERCENT - 55.444447],ClusterByDensityPeak[DISTANCE:MANHATTAN,DISTANCE_INFO - 1.2222222,DPCI_DC_PERCENT - 55.444447],}
31,88.32663628155154,{Reading Instances[DISTANCE:EUCLIDEAN],DistanceInformation[DISTANCE:MANHATTAN,DISTANCE_INFO - 1.8888888,DPCI_DC_PERCENT - 55.444447],ClusterByDensityPeak[DISTANCE:MANHATTAN,DISTANCE_INFO - 1.8888888,DPCI_DC_PERCENT - 55.444447],}
32,88.32663628155154,{Reading Instances[DISTANCE:EUCLIDEAN],DistanceInformation[DISTANCE:BRAYCURTIS,DISTANCE_INFO - 1.8888888,DPCI_DC_PERCENT - 55.444447],ClusterByDensityPeak[DISTANCE:EUCLIDEAN,DISTANCE_INFO - 1.8888888,DPCI_DC_PERCENT - 55.444447],}
33,88.32663628155154,{Reading Instances[DISTANCE:EUCLIDEAN],DistanceInformation[DISTANCE:EUCLIDEAN,DISTANCE_INFO - 1.2222222,DPCI_DC_PERCENT - 55.444447],ClusterByDensityPeak[DISTANCE:EUCLIDEAN,DISTANCE_INFO - 1.2222222,DPCI_DC_PERCENT - 55.444447],}
34,88.32663628155154,{Reading Instances[DISTANCE:EUCLIDEAN],DistanceInformation[DISTANCE:MANHATTAN,DISTANCE_INFO - 1.6666667,DPCI_DC_PERCENT - 55.444447],ClusterByDensityPeak[DISTANCE:CHEBYCHEV,DISTANCE_INFO - 1.6666667,DPCI_DC_PERCENT - 55.444447],}
35,88.32663628155154,{Reading Instances[DISTANCE:EUCLIDEAN],DistanceInformation[DISTANCE:EUCLIDEAN,DISTANCE_INFO - 1.2222222,DPCI_DC_PERCENT - 55.444447],ClusterByDensityPeak[DISTANCE:BRAYCURTIS,DISTANCE_INFO - 1.2222222,DPCI_DC_PERCENT - 55.444447],}
36,88.32663628155154,{Reading Instances[DISTANCE:EUCLIDEAN],DistanceInformation[DISTANCE:EUCLIDEAN,DISTANCE_INFO - 1.2222222,DPCI_DC_PERCENT - 55.444447],ClusterByDensityPeak[DISTANCE:BRAYCURTIS,DISTANCE_INFO - 1.2222222,DPCI_DC_PERCENT - 55.444447],}
37,88.32663628155154,{Reading Instances[DISTANCE:EUCLIDEAN],DistanceInformation[DISTANCE:MANHATTAN,DISTANCE_INFO - 1.6666667,DPCI_DC_PERCENT - 55.444447],ClusterByDensityPeak[DISTANCE:MANHATTAN,DISTANCE_INFO - 1.6666667,DPCI_DC_PERCENT - 55.444447],}
38,88.32663628155154,{Reading Instances[DISTANCE:EUCLIDEAN],DistanceInformation[DISTANCE:EUCLIDEAN,DISTANCE_INFO - 1.8888888,DPCI_DC_PERCENT - 55.444447],ClusterByDensityPeak[DISTANCE:MANHATTAN,DISTANCE_INFO - 1.8888888,DPCI_DC_PERCENT - 55.444447],}
39,88.32663628155154,{Reading Instances[DISTANCE:EUCLIDEAN],DistanceInformation[DISTANCE:BRAYCURTIS,DISTANCE_INFO - 1.2222222,DPCI_DC_PERCENT - 55.444447],ClusterByDensityPeak[DISTANCE:EUCLIDEAN,DISTANCE_INFO - 1.2222222,DPCI_DC_PERCENT - 55.444447],}
40,88.32663628155154,{Reading Instances[DISTANCE:EUCLIDEAN],DistanceInformation[DISTANCE:CHEBYCHEV,DISTANCE_INFO - 1.2222222,DPCI_DC_PERCENT - 55.444447],ClusterByDensityPeak[DISTANCE:CHEBYCHEV,DISTANCE_INFO - 1.2222222,DPCI_DC_PERCENT - 55.444447],}
41,88.32663628155154,{Reading Instances[DISTANCE:EUCLIDEAN],DistanceInformation[DISTANCE:EUCLIDEAN,DISTANCE_INFO - 1.4444444,DPCI_DC_PERCENT - 55.444447],ClusterByDensityPeak[DISTANCE:CHEBYCHEV,DISTANCE_INFO - 1.4444444,DPCI_DC_PERCENT - 55.444447],}
42,88.32663628155154,{Reading Instances[DISTANCE:EUCLIDEAN],DistanceInformation[DISTANCE:CHEBYCHEV,DISTANCE_INFO - 1.2222222,DPCI_DC_PERCENT - 55.444447],ClusterByDensityPeak[DISTANCE:EUCLIDEAN,DISTANCE_INFO - 1.2222222,DPCI_DC_PERCENT - 55.444447],}
43,88.32663628155154,{Reading Instances[DISTANCE:EUCLIDEAN],DistanceInformation[DISTANCE:CHEBYCHEV,DISTANCE_INFO - 1.2222222,DPCI_DC_PERCENT - 55.444447],ClusterByDensityPeak[DISTANCE:CHEBYCHEV,DISTANCE_INFO - 1.2222222,DPCI_DC_PERCENT - 55.444447],}
44,88.32663628155154,{Reading Instances[DISTANCE:EUCLIDEAN],DistanceInformation[DISTANCE:MANHATTAN,DISTANCE_INFO - 1.2222222,DPCI_DC_PERCENT - 55.444447],ClusterByDensityPeak[DISTANCE:CHEBYCHEV,DISTANCE_INFO - 1.2222222,DPCI_DC_PERCENT - 55.444447],}
45,88.32663628155154,{Reading Instances[DISTANCE:EUCLIDEAN],DistanceInformation[DISTANCE:EUCLIDEAN,DISTANCE_INFO - 1.6666667,DPCI_DC_PERCENT - 55.444447],ClusterByDensityPeak[DISTANCE:BRAYCURTIS,DISTANCE_INFO - 1.6666667,DPCI_DC_PERCENT - 55.444447],}
46,88.32663628155154,{Reading Instances[DISTANCE:EUCLIDEAN],DistanceInformation[DISTANCE:EUCLIDEAN,DISTANCE_INFO - 1.8888888,DPCI_DC_PERCENT - 55.444447],ClusterByDensityPeak[DISTANCE:BRAYCURTIS,DISTANCE_INFO - 1.8888888,DPCI_DC_PERCENT - 55.444447],}
47,88.32663628155154,{Reading Instances[DISTANCE:EUCLIDEAN],DistanceInformation[DISTANCE:CHEBYCHEV,DISTANCE_INFO - 1.8888888,DPCI_DC_PERCENT - 55.444447],ClusterByDensityPeak[DISTANCE:MANHATTAN,DISTANCE_INFO - 1.8888888,DPCI_DC_PERCENT - 55.444447],}
48,88.32663628155154,{Reading Instances[DISTANCE:EUCLIDEAN],DistanceInformation[DISTANCE:BRAYCURTIS,DISTANCE_INFO - 1.4444444,DPCI_DC_PERCENT - 55.444447],ClusterByDensityPeak[DISTANCE:EUCLIDEAN,DISTANCE_INFO - 1.4444444,DPCI_DC_PERCENT - 55.444447],}
49,88.32663628155154,{Reading Instances[DISTANCE:EUCLIDEAN],DistanceInformation[DISTANCE:CHEBYCHEV,DISTANCE_INFO - 1.6666667,DPCI_DC_PERCENT - 55.444447],ClusterByDensityPeak[DISTANCE:MANHATTAN,DISTANCE_INFO - 1.6666667,DPCI_DC_PERCENT - 55.444447],}
50,88.32663628155154,{Reading Instances[DISTANCE:EUCLIDEAN],DistanceInformation[DISTANCE:EUCLIDEAN,DISTANCE_INFO - 1.2222222,DPCI_DC_PERCENT - 55.444447],ClusterByDensityPeak[DISTANCE:BRAYCURTIS,DISTANCE_INFO - 1.2222222,DPCI_DC_PERCENT - 55.444447],}
1,84.55052016336661,{Reading Instances[DISTANCE:EUCLIDEAN],DistanceInformation[DISTANCE:MANHATTAN,DISTANCE_INFO - 3.0,DPCI_DC_PERCENT - 44.555557],ClusterByDensityPeak[DISTANCE:MANHATTAN,DISTANCE_INFO - 3.0,DPCI_DC_PERCENT - 44.555557],}
2,84.55052016336661,{Reading Instances[DISTANCE:EUCLIDEAN],DistanceInformation[DISTANCE:CHEBYCHEV,DISTANCE_INFO - 3.0,DPCI_DC_PERCENT - 44.555557],ClusterByDensityPeak[DISTANCE:EUCLIDEAN,DISTANCE_INFO - 3.0,DPCI_DC_PERCENT - 44.555557],}
3,84.55052016336661,{Reading Instances[DISTANCE:EUCLIDEAN],DistanceInformation[DISTANCE:CHEBYCHEV,DISTANCE_INFO - 3.0,DPCI_DC_PERCENT - 44.555557],ClusterByDensityPeak[DISTANCE:EUCLIDEAN,DISTANCE_INFO - 3.0,DPCI_DC_PERCENT - 44.555557],}
4,84.55052016336661,{Reading Instances[DISTANCE:EUCLIDEAN],DistanceInformation[DISTANCE:CHEBYCHEV,DISTANCE_INFO - 3.0,DPCI_DC_PERCENT - 44.555557],ClusterByDensityPeak[DISTANCE:EUCLIDEAN,DISTANCE_INFO - 3.0,DPCI_DC_PERCENT - 44.555557],}
5,84.55052016336661,{Reading Instances[DISTANCE:EUCLIDEAN],DistanceInformation[DISTANCE:CHEBYCHEV,DISTANCE_INFO - 3.0,DPCI_DC_PERCENT - 44.555557],ClusterByDensityPeak[DISTANCE:EUCLIDEAN,DISTANCE_INFO - 3.0,DPCI_DC_PERCENT - 44.555557],}
6,84.55052016336661,{Reading Instances[DISTANCE:EUCLIDEAN],DistanceInformation[DISTANCE:CHEBYCHEV,DISTANCE_INFO - 3.0,DPCI_DC_PERCENT - 44.555557],ClusterByDensityPeak[DISTANCE:EUCLIDEAN,DISTANCE_INFO - 3.0,DPCI_DC_PERCENT - 44.555557],}
7,84.55052016336661,{Reading Instances[DISTANCE:EUCLIDEAN],DistanceInformation[DISTANCE:CHEBYCHEV,DISTANCE_INFO - 3.0,DPCI_DC_PERCENT - 44.555557],ClusterByDensityPeak[DISTANCE:CHEBYCHEV,DISTANCE_INFO - 3.0,DPCI_DC_PERCENT - 44.555557],}
8,84.55052016336661,{Reading Instances[DISTANCE:EUCLIDEAN],DistanceInformation[DISTANCE:CHEBYCHEV,DISTANCE_INFO - 3.0,DPCI_DC_PERCENT - 44.555557],ClusterByDensityPeak[DISTANCE:MANHATTAN,DISTANCE_INFO - 3.0,DPCI_DC_PERCENT - 44.555557],}
9,84.55052016336661,{Reading Instances[DISTANCE:EUCLIDEAN],DistanceInformation[DISTANCE:EUCLIDEAN,DISTANCE_INFO - 3.0,DPCI_DC_PERCENT - 44.555557],ClusterByDensityPeak[DISTANCE:CHEBYCHEV,DISTANCE_INFO - 3.0,DPCI_DC_PERCENT - 44.555557],}
10,84.55052016336661,{Reading Instances[DISTANCE:EUCLIDEAN],DistanceInformation[DISTANCE:EUCLIDEAN,DISTANCE_INFO - 3.0,DPCI_DC_PERCENT - 44.555557],ClusterByDensityPeak[DISTANCE:CHEBYCHEV,DISTANCE_INFO - 3.0,DPCI_DC_PERCENT - 44.555557],}
11,84.55052016336661,{Reading Instances[DISTANCE:EUCLIDEAN],DistanceInformation[DISTANCE:BRAYCURTIS,DISTANCE_INFO - 3.0,DPCI_DC_PERCENT - 44.555557],ClusterByDensityPeak[DISTANCE:EUCLIDEAN,DISTANCE_INFO - 3.0,DPCI_DC_PERCENT - 44.555557],}
